<?xml version="1.0" encoding="UTF-8"?>
<!-- Generated by org.testng.reporters.JUnitReportReporter -->
<testsuite hostname="DMac.local" failures="0" tests="1" name="tests.TestCase" time="2.779" errors="0" timestamp="2023-04-19T11:08:22 EDT" skipped="0">
  <testcase classname="tests.TestCase" name="test01" time="2.779"/>
  <system-out/>
</testsuite> <!-- tests.TestCase -->
